DFW status and trace log : Sat Feb 05 13:01:59 2011

13:01:59.488 ERROR: Invalid target id
  SevError(2) : dfwstate.cpp : 298
13:01:59.758 ERROR: Invalid target id
  SevError(2) : dfwstate.cpp : 270
13:01:59.778 ERROR: Invalid target id
  SevError(2) : dfwstate.cpp : 270
13:01:59.778 ERROR: Invalid target id
  SevError(2) : scdataaccess.cpp : 2699
13:01:59.998 ERROR: Invalid target id
  SevError(2) : dfwstate.cpp : 270
13:02:00.008 ERROR: Invalid target id
  SevError(2) : dfwstate.cpp : 270
13:02:00.008 ERROR: Invalid target id
  SevError(2) : scdataaccess.cpp : 2699
13:02:00.068 ERROR: Invalid target id
  SevError(2) : dfwstate.cpp : 270
13:02:00.938 ERROR: Invalid target id
  SevError(2) : dfwstate.cpp : 270
13:59:24.816 ERROR: Socket Error. API: recv, SessionId: 728, ReturnCode:  [SystemErrorCode=10054]: SocketHandler::Read
  SevError(2) : sockethandler.cpp : 85
13:59:24.836 ERROR: Socket Error. API: recv, SessionId: 728, ReturnCode:  [SystemErrorCode=10054]
  SevError(2) : sockethandler.cpp : 85
13:59:25.076 Operation succeeded: ShutdownServer
  Reason: ERRNone  Severity: ERRSuccessful