\BOOKMARK [0][-]{chapter.1}{\376\377\000C\000l\000a\000s\000s\000\040\000I\000n\000d\000e\000x}{}% 1
\BOOKMARK [1][-]{section.1.1}{\376\377\000C\000l\000a\000s\000s\000\040\000L\000i\000s\000t}{chapter.1}% 2
\BOOKMARK [0][-]{chapter.2}{\376\377\000F\000i\000l\000e\000\040\000I\000n\000d\000e\000x}{}% 3
\BOOKMARK [1][-]{section.2.1}{\376\377\000F\000i\000l\000e\000\040\000L\000i\000s\000t}{chapter.2}% 4
\BOOKMARK [0][-]{chapter.3}{\376\377\000C\000l\000a\000s\000s\000\040\000D\000o\000c\000u\000m\000e\000n\000t\000a\000t\000i\000o\000n}{}% 5
\BOOKMARK [1][-]{section.3.1}{\376\377\000A\000u\000t\000o\000n\000o\000m\000o\000u\000s\000\040\000C\000l\000a\000s\000s\000\040\000R\000e\000f\000e\000r\000e\000n\000c\000e}{chapter.3}% 6
\BOOKMARK [2][-]{subsection.3.1.1}{\376\377\000D\000e\000t\000a\000i\000l\000e\000d\000\040\000D\000e\000s\000c\000r\000i\000p\000t\000i\000o\000n}{section.3.1}% 7
\BOOKMARK [2][-]{subsection.3.1.2}{\376\377\000C\000o\000n\000s\000t\000r\000u\000c\000t\000o\000r\000\040\000\046\000\040\000D\000e\000s\000t\000r\000u\000c\000t\000o\000r\000\040\000D\000o\000c\000u\000m\000e\000n\000t\000a\000t\000i\000o\000n}{section.3.1}% 8
\BOOKMARK [3][-]{subsubsection.3.1.2.1}{\376\377\000A\000u\000t\000o\000n\000o\000m\000o\000u\000s}{subsection.3.1.2}% 9
\BOOKMARK [2][-]{subsection.3.1.3}{\376\377\000M\000e\000m\000b\000e\000r\000\040\000F\000u\000n\000c\000t\000i\000o\000n\000\040\000D\000o\000c\000u\000m\000e\000n\000t\000a\000t\000i\000o\000n}{section.3.1}% 10
\BOOKMARK [3][-]{subsubsection.3.1.3.1}{\376\377\000c\000h\000e\000c\000k\000F\000o\000r\000L\000i\000n\000e\000s}{subsection.3.1.3}% 11
\BOOKMARK [3][-]{subsubsection.3.1.3.2}{\376\377\000c\000o\000r\000r\000e\000c\000t\000L\000e\000f\000t}{subsection.3.1.3}% 12
\BOOKMARK [3][-]{subsubsection.3.1.3.3}{\376\377\000c\000o\000r\000r\000e\000c\000t\000R\000i\000g\000h\000t}{subsection.3.1.3}% 13
\BOOKMARK [3][-]{subsubsection.3.1.3.4}{\376\377\000f\000l\000i\000p}{subsection.3.1.3}% 14
\BOOKMARK [3][-]{subsubsection.3.1.3.5}{\376\377\000G\000o}{subsection.3.1.3}% 15
\BOOKMARK [3][-]{subsubsection.3.1.3.6}{\376\377\000i\000n\000i\000t\000i\000a\000l\000S\000t\000a\000t\000e}{subsection.3.1.3}% 16
\BOOKMARK [3][-]{subsubsection.3.1.3.7}{\376\377\000m\000o\000v\000e}{subsection.3.1.3}% 17
\BOOKMARK [3][-]{subsubsection.3.1.3.8}{\376\377\000p\000l\000a\000c\000e\000T\000u\000b\000e}{subsection.3.1.3}% 18
\BOOKMARK [1][-]{section.3.2}{\376\377\000B\000u\000i\000l\000t\000i\000n\000D\000e\000f\000a\000u\000l\000t\000C\000o\000d\000e\000\040\000C\000l\000a\000s\000s\000\040\000R\000e\000f\000e\000r\000e\000n\000c\000e}{chapter.3}% 19
\BOOKMARK [2][-]{subsection.3.2.1}{\376\377\000D\000e\000t\000a\000i\000l\000e\000d\000\040\000D\000e\000s\000c\000r\000i\000p\000t\000i\000o\000n}{section.3.2}% 20
\BOOKMARK [2][-]{subsection.3.2.2}{\376\377\000C\000o\000n\000s\000t\000r\000u\000c\000t\000o\000r\000\040\000\046\000\040\000D\000e\000s\000t\000r\000u\000c\000t\000o\000r\000\040\000D\000o\000c\000u\000m\000e\000n\000t\000a\000t\000i\000o\000n}{section.3.2}% 21
\BOOKMARK [3][-]{subsubsection.3.2.2.1}{\376\377\000B\000u\000i\000l\000t\000i\000n\000D\000e\000f\000a\000u\000l\000t\000C\000o\000d\000e}{subsection.3.2.2}% 22
\BOOKMARK [1][-]{section.3.3}{\376\377\000C\000o\000n\000t\000r\000o\000l\000l\000e\000r\000\040\000C\000l\000a\000s\000s\000\040\000R\000e\000f\000e\000r\000e\000n\000c\000e}{chapter.3}% 23
\BOOKMARK [2][-]{subsection.3.3.1}{\376\377\000D\000e\000t\000a\000i\000l\000e\000d\000\040\000D\000e\000s\000c\000r\000i\000p\000t\000i\000o\000n}{section.3.3}% 24
\BOOKMARK [2][-]{subsection.3.3.2}{\376\377\000C\000o\000n\000s\000t\000r\000u\000c\000t\000o\000r\000\040\000\046\000\040\000D\000e\000s\000t\000r\000u\000c\000t\000o\000r\000\040\000D\000o\000c\000u\000m\000e\000n\000t\000a\000t\000i\000o\000n}{section.3.3}% 25
\BOOKMARK [3][-]{subsubsection.3.3.2.1}{\376\377\000C\000o\000n\000t\000r\000o\000l\000l\000e\000r}{subsection.3.3.2}% 26
\BOOKMARK [2][-]{subsection.3.3.3}{\376\377\000M\000e\000m\000b\000e\000r\000\040\000F\000u\000n\000c\000t\000i\000o\000n\000\040\000D\000o\000c\000u\000m\000e\000n\000t\000a\000t\000i\000o\000n}{section.3.3}% 27
\BOOKMARK [3][-]{subsubsection.3.3.3.1}{\376\377\000a\000b\000s}{subsection.3.3.3}% 28
\BOOKMARK [3][-]{subsubsection.3.3.3.2}{\376\377\000e\000x\000p\000o}{subsection.3.3.3}% 29
\BOOKMARK [3][-]{subsubsection.3.3.3.3}{\376\377\000g\000e\000t\000D\000r\000i\000v\000e\000S\000p\000e\000e\000d}{subsection.3.3.3}% 30
\BOOKMARK [3][-]{subsubsection.3.3.3.4}{\376\377\000g\000e\000t\000D\000r\000i\000v\000e\000T\000u\000r\000n}{subsection.3.3.3}% 31
\BOOKMARK [3][-]{subsubsection.3.3.3.5}{\376\377\000g\000e\000t\000M\000a\000n\000i\000p\000u\000l\000a\000t\000o\000r\000A\000c\000t\000i\000o\000n}{subsection.3.3.3}% 32
\BOOKMARK [3][-]{subsubsection.3.3.3.6}{\376\377\000g\000e\000t\000M\000a\000n\000i\000p\000u\000l\000a\000t\000o\000r\000E\000l\000e\000v\000a\000t\000i\000o\000n}{subsection.3.3.3}% 33
\BOOKMARK [3][-]{subsubsection.3.3.3.7}{\376\377\000g\000e\000t\000M\000i\000n\000i\000b\000o\000t\000S\000w\000i\000t\000c\000h\000e\000s}{subsection.3.3.3}% 34
\BOOKMARK [3][-]{subsubsection.3.3.3.8}{\376\377\000n\000o\000r\000m\000a\000l\000i\000z\000e}{subsection.3.3.3}% 35
\BOOKMARK [1][-]{section.3.4}{\376\377\000D\000r\000i\000v\000e\000\040\000C\000l\000a\000s\000s\000\040\000R\000e\000f\000e\000r\000e\000n\000c\000e}{chapter.3}% 36
\BOOKMARK [2][-]{subsection.3.4.1}{\376\377\000D\000e\000t\000a\000i\000l\000e\000d\000\040\000D\000e\000s\000c\000r\000i\000p\000t\000i\000o\000n}{section.3.4}% 37
\BOOKMARK [2][-]{subsection.3.4.2}{\376\377\000C\000o\000n\000s\000t\000r\000u\000c\000t\000o\000r\000\040\000\046\000\040\000D\000e\000s\000t\000r\000u\000c\000t\000o\000r\000\040\000D\000o\000c\000u\000m\000e\000n\000t\000a\000t\000i\000o\000n}{section.3.4}% 38
\BOOKMARK [3][-]{subsubsection.3.4.2.1}{\376\377\000D\000r\000i\000v\000e}{subsection.3.4.2}% 39
\BOOKMARK [2][-]{subsection.3.4.3}{\376\377\000M\000e\000m\000b\000e\000r\000\040\000F\000u\000n\000c\000t\000i\000o\000n\000\040\000D\000o\000c\000u\000m\000e\000n\000t\000a\000t\000i\000o\000n}{section.3.4}% 40
\BOOKMARK [3][-]{subsubsection.3.4.3.1}{\376\377\000d\000r\000i\000v\000e}{subsection.3.4.3}% 41
\BOOKMARK [3][-]{subsubsection.3.4.3.2}{\376\377\000d\000r\000i\000v\000e\000\137\000n\000o\000r\000a\000m\000p}{subsection.3.4.3}% 42
\BOOKMARK [3][-]{subsubsection.3.4.3.3}{\376\377\000r\000a\000m\000p}{subsection.3.4.3}% 43
\BOOKMARK [3][-]{subsubsection.3.4.3.4}{\376\377\000t\000a\000n\000k\000\137\000d\000r\000i\000v\000e}{subsection.3.4.3}% 44
\BOOKMARK [1][-]{section.3.5}{\376\377\000M\000a\000n\000i\000p\000u\000l\000a\000t\000o\000r\000\040\000C\000l\000a\000s\000s\000\040\000R\000e\000f\000e\000r\000e\000n\000c\000e}{chapter.3}% 45
\BOOKMARK [2][-]{subsection.3.5.1}{\376\377\000D\000e\000t\000a\000i\000l\000e\000d\000\040\000D\000e\000s\000c\000r\000i\000p\000t\000i\000o\000n}{section.3.5}% 46
\BOOKMARK [2][-]{subsection.3.5.2}{\376\377\000C\000o\000n\000s\000t\000r\000u\000c\000t\000o\000r\000\040\000\046\000\040\000D\000e\000s\000t\000r\000u\000c\000t\000o\000r\000\040\000D\000o\000c\000u\000m\000e\000n\000t\000a\000t\000i\000o\000n}{section.3.5}% 47
\BOOKMARK [3][-]{subsubsection.3.5.2.1}{\376\377\000M\000a\000n\000i\000p\000u\000l\000a\000t\000o\000r}{subsection.3.5.2}% 48
\BOOKMARK [2][-]{subsection.3.5.3}{\376\377\000M\000e\000m\000b\000e\000r\000\040\000F\000u\000n\000c\000t\000i\000o\000n\000\040\000D\000o\000c\000u\000m\000e\000n\000t\000a\000t\000i\000o\000n}{section.3.5}% 49
\BOOKMARK [3][-]{subsubsection.3.5.3.1}{\376\377\000e\000j\000e\000c\000t\000T\000u\000b\000e}{subsection.3.5.3}% 50
\BOOKMARK [3][-]{subsubsection.3.5.3.2}{\376\377\000e\000l\000e\000v\000a\000t\000e}{subsection.3.5.3}% 51
\BOOKMARK [3][-]{subsubsection.3.5.3.3}{\376\377\000G\000e\000t\000B\000o\000t\000t\000o\000m\000L\000i\000m\000i\000t\000S\000w\000i\000t\000c\000h\000A\000d\000d\000r\000e\000s\000s}{subsection.3.5.3}% 52
\BOOKMARK [3][-]{subsubsection.3.5.3.4}{\376\377\000G\000e\000t\000T\000o\000p\000L\000i\000m\000i\000t\000S\000w\000i\000t\000c\000h\000A\000d\000d\000r\000e\000s\000s}{subsection.3.5.3}% 53
\BOOKMARK [3][-]{subsubsection.3.5.3.5}{\376\377\000i\000n\000p\000u\000t\000T\000u\000b\000e}{subsection.3.5.3}% 54
\BOOKMARK [3][-]{subsubsection.3.5.3.6}{\376\377\000r\000o\000t\000a\000t\000e\000T\000u\000b\000e}{subsection.3.5.3}% 55
\BOOKMARK [3][-]{subsubsection.3.5.3.7}{\376\377\000s\000t\000o\000p\000M\000a\000n\000i\000p\000u\000l\000a\000t\000o\000r\000A\000c\000t\000i\000o\000n}{subsection.3.5.3}% 56
\BOOKMARK [3][-]{subsubsection.3.5.3.8}{\376\377\000s\000t\000o\000p\000M\000a\000n\000i\000p\000u\000l\000a\000t\000o\000r\000E\000l\000e\000v\000a\000t\000i\000o\000n}{subsection.3.5.3}% 57
\BOOKMARK [1][-]{section.3.6}{\376\377\000T\000e\000l\000e\000o\000p\000e\000r\000a\000t\000e\000d\000\040\000C\000l\000a\000s\000s\000\040\000R\000e\000f\000e\000r\000e\000n\000c\000e}{chapter.3}% 58
\BOOKMARK [2][-]{subsection.3.6.1}{\376\377\000D\000e\000t\000a\000i\000l\000e\000d\000\040\000D\000e\000s\000c\000r\000i\000p\000t\000i\000o\000n}{section.3.6}% 59
\BOOKMARK [2][-]{subsection.3.6.2}{\376\377\000C\000o\000n\000s\000t\000r\000u\000c\000t\000o\000r\000\040\000\046\000\040\000D\000e\000s\000t\000r\000u\000c\000t\000o\000r\000\040\000D\000o\000c\000u\000m\000e\000n\000t\000a\000t\000i\000o\000n}{section.3.6}% 60
\BOOKMARK [3][-]{subsubsection.3.6.2.1}{\376\377\000T\000e\000l\000e\000o\000p\000e\000r\000a\000t\000e\000d}{subsection.3.6.2}% 61
\BOOKMARK [2][-]{subsection.3.6.3}{\376\377\000M\000e\000m\000b\000e\000r\000\040\000F\000u\000n\000c\000t\000i\000o\000n\000\040\000D\000o\000c\000u\000m\000e\000n\000t\000a\000t\000i\000o\000n}{section.3.6}% 62
\BOOKMARK [3][-]{subsubsection.3.6.3.1}{\376\377\000G\000o}{subsection.3.6.3}% 63
\BOOKMARK [0][-]{chapter.4}{\376\377\000F\000i\000l\000e\000\040\000D\000o\000c\000u\000m\000e\000n\000t\000a\000t\000i\000o\000n}{}% 64
\BOOKMARK [1][-]{section.4.1}{\376\377\000A\000u\000t\000o\000n\000o\000m\000o\000u\000s\000.\000c\000p\000p\000\040\000F\000i\000l\000e\000\040\000R\000e\000f\000e\000r\000e\000n\000c\000e}{chapter.4}% 65
\BOOKMARK [2][-]{subsection.4.1.1}{\376\377\000D\000e\000t\000a\000i\000l\000e\000d\000\040\000D\000e\000s\000c\000r\000i\000p\000t\000i\000o\000n}{section.4.1}% 66
\BOOKMARK [1][-]{section.4.2}{\376\377\000A\000u\000t\000o\000n\000o\000m\000o\000u\000s\000.\000h\000\040\000F\000i\000l\000e\000\040\000R\000e\000f\000e\000r\000e\000n\000c\000e}{chapter.4}% 67
\BOOKMARK [2][-]{subsection.4.2.1}{\376\377\000D\000e\000t\000a\000i\000l\000e\000d\000\040\000D\000e\000s\000c\000r\000i\000p\000t\000i\000o\000n}{section.4.2}% 68
\BOOKMARK [1][-]{section.4.3}{\376\377\000A\000x\000i\000s\000C\000a\000m\000e\000r\000a\000.\000c\000p\000p\000\040\000F\000i\000l\000e\000\040\000R\000e\000f\000e\000r\000e\000n\000c\000e}{chapter.4}% 69
\BOOKMARK [2][-]{subsection.4.3.1}{\376\377\000D\000e\000t\000a\000i\000l\000e\000d\000\040\000D\000e\000s\000c\000r\000i\000p\000t\000i\000o\000n}{section.4.3}% 70
\BOOKMARK [1][-]{section.4.4}{\376\377\000A\000x\000i\000s\000C\000a\000m\000e\000r\000a\000P\000a\000r\000a\000m\000s\000.\000c\000p\000p\000\040\000F\000i\000l\000e\000\040\000R\000e\000f\000e\000r\000e\000n\000c\000e}{chapter.4}% 71
\BOOKMARK [2][-]{subsection.4.4.1}{\376\377\000D\000e\000t\000a\000i\000l\000e\000d\000\040\000D\000e\000s\000c\000r\000i\000p\000t\000i\000o\000n}{section.4.4}% 72
\BOOKMARK [1][-]{section.4.5}{\376\377\000B\000u\000i\000l\000t\000i\000n\000D\000e\000f\000a\000u\000l\000t\000C\000o\000d\000e\000.\000c\000p\000p\000\040\000F\000i\000l\000e\000\040\000R\000e\000f\000e\000r\000e\000n\000c\000e}{chapter.4}% 73
\BOOKMARK [2][-]{subsection.4.5.1}{\376\377\000D\000e\000t\000a\000i\000l\000e\000d\000\040\000D\000e\000s\000c\000r\000i\000p\000t\000i\000o\000n}{section.4.5}% 74
\BOOKMARK [1][-]{section.4.6}{\376\377\000C\000o\000n\000t\000r\000o\000l\000l\000e\000r\000.\000c\000p\000p\000\040\000F\000i\000l\000e\000\040\000R\000e\000f\000e\000r\000e\000n\000c\000e}{chapter.4}% 75
\BOOKMARK [2][-]{subsection.4.6.1}{\376\377\000D\000e\000t\000a\000i\000l\000e\000d\000\040\000D\000e\000s\000c\000r\000i\000p\000t\000i\000o\000n}{section.4.6}% 76
\BOOKMARK [1][-]{section.4.7}{\376\377\000C\000o\000n\000t\000r\000o\000l\000l\000e\000r\000.\000h\000\040\000F\000i\000l\000e\000\040\000R\000e\000f\000e\000r\000e\000n\000c\000e}{chapter.4}% 77
\BOOKMARK [2][-]{subsection.4.7.1}{\376\377\000D\000e\000t\000a\000i\000l\000e\000d\000\040\000D\000e\000s\000c\000r\000i\000p\000t\000i\000o\000n}{section.4.7}% 78
\BOOKMARK [1][-]{section.4.8}{\376\377\000D\000r\000i\000v\000e\000.\000c\000p\000p\000\040\000F\000i\000l\000e\000\040\000R\000e\000f\000e\000r\000e\000n\000c\000e}{chapter.4}% 79
\BOOKMARK [2][-]{subsection.4.8.1}{\376\377\000D\000e\000t\000a\000i\000l\000e\000d\000\040\000D\000e\000s\000c\000r\000i\000p\000t\000i\000o\000n}{section.4.8}% 80
\BOOKMARK [1][-]{section.4.9}{\376\377\000D\000r\000i\000v\000e\000.\000h\000\040\000F\000i\000l\000e\000\040\000R\000e\000f\000e\000r\000e\000n\000c\000e}{chapter.4}% 81
\BOOKMARK [2][-]{subsection.4.9.1}{\376\377\000D\000e\000t\000a\000i\000l\000e\000d\000\040\000D\000e\000s\000c\000r\000i\000p\000t\000i\000o\000n}{section.4.9}% 82
\BOOKMARK [1][-]{section.4.10}{\376\377\000m\000a\000c\000r\000o\000s\000.\000h\000\040\000F\000i\000l\000e\000\040\000R\000e\000f\000e\000r\000e\000n\000c\000e}{chapter.4}% 83
\BOOKMARK [2][-]{subsection.4.10.1}{\376\377\000D\000e\000t\000a\000i\000l\000e\000d\000\040\000D\000e\000s\000c\000r\000i\000p\000t\000i\000o\000n}{section.4.10}% 84
\BOOKMARK [2][-]{subsection.4.10.2}{\376\377\000F\000u\000n\000c\000t\000i\000o\000n\000\040\000D\000o\000c\000u\000m\000e\000n\000t\000a\000t\000i\000o\000n}{section.4.10}% 85
\BOOKMARK [3][-]{subsubsection.4.10.2.1}{\376\377\000t\000o\000p\000c\000h\000a\000r}{subsection.4.10.2}% 86
\BOOKMARK [1][-]{section.4.11}{\376\377\000M\000a\000n\000i\000p\000u\000l\000a\000t\000o\000r\000.\000c\000p\000p\000\040\000F\000i\000l\000e\000\040\000R\000e\000f\000e\000r\000e\000n\000c\000e}{chapter.4}% 87
\BOOKMARK [2][-]{subsection.4.11.1}{\376\377\000D\000e\000t\000a\000i\000l\000e\000d\000\040\000D\000e\000s\000c\000r\000i\000p\000t\000i\000o\000n}{section.4.11}% 88
\BOOKMARK [1][-]{section.4.12}{\376\377\000M\000a\000n\000i\000p\000u\000l\000a\000t\000o\000r\000.\000h\000\040\000F\000i\000l\000e\000\040\000R\000e\000f\000e\000r\000e\000n\000c\000e}{chapter.4}% 89
\BOOKMARK [2][-]{subsection.4.12.1}{\376\377\000D\000e\000t\000a\000i\000l\000e\000d\000\040\000D\000e\000s\000c\000r\000i\000p\000t\000i\000o\000n}{section.4.12}% 90
\BOOKMARK [1][-]{section.4.13}{\376\377\000T\000e\000l\000e\000o\000p\000e\000r\000a\000t\000e\000d\000.\000c\000p\000p\000\040\000F\000i\000l\000e\000\040\000R\000e\000f\000e\000r\000e\000n\000c\000e}{chapter.4}% 91
\BOOKMARK [2][-]{subsection.4.13.1}{\376\377\000D\000e\000t\000a\000i\000l\000e\000d\000\040\000D\000e\000s\000c\000r\000i\000p\000t\000i\000o\000n}{section.4.13}% 92
\BOOKMARK [1][-]{section.4.14}{\376\377\000T\000e\000l\000e\000o\000p\000e\000r\000a\000t\000e\000d\000.\000h\000\040\000F\000i\000l\000e\000\040\000R\000e\000f\000e\000r\000e\000n\000c\000e}{chapter.4}% 93
\BOOKMARK [2][-]{subsection.4.14.1}{\376\377\000D\000e\000t\000a\000i\000l\000e\000d\000\040\000D\000e\000s\000c\000r\000i\000p\000t\000i\000o\000n}{section.4.14}% 94
